2023-12-29 23:02:56,004 INFO  - \\\\\\\\\\\\\\\\\\\\\\\\\\\\
2023-12-29 23:02:56,005 INFO  - -------------------------------------- START TEST CASE : createUserTest_1--------------------------------------
2023-12-29 23:02:56,055 INFO  - <---- Initiated : Generating Fake Data for 'UserModel
2023-12-29 23:02:56,252 INFO  - ----> Successful : Generated Fake Data for 'UserModel
2023-12-29 23:02:56,263 INFO  - <---- Initiated : Sending 'POST' Request and Fetching Response
2023-12-29 23:02:56,263 INFO  - Resource Path = users/
2023-12-29 23:02:56,263 INFO  - <---- Initiated : Building Request Specifications
2023-12-29 23:02:56,778 INFO  - Added Base URL = https://gorest.co.in/
2023-12-29 23:02:56,778 INFO  - Added Base Path = public/v2/
2023-12-29 23:02:56,840 INFO  - Added Content Type = application/json
2023-12-29 23:02:56,840 INFO  - ----> Successful : Building Request Specification
2023-12-29 23:02:59,467 INFO  - <---- Initiated : Building Response Specification
2023-12-29 23:02:59,468 INFO  - ----> Successful : Building Response Specification
2023-12-29 23:02:59,478 INFO  - ----> Successful : Sent 'POST' Request and Fetched Response
2023-12-29 23:02:59,520 INFO  - Id = 5884975
2023-12-29 23:02:59,532 INFO  - name = Darryl Bosco I
2023-12-29 23:02:59,532 INFO  - Description = lorenzo.stokes@hotmail.com
2023-12-29 23:02:59,532 INFO  - Gender = male
2023-12-29 23:02:59,532 INFO  - Status = active
2023-12-29 23:02:59,535 INFO  - ---------------------------------------------- END TEST CASE ----------------------------------------------
2023-12-29 23:02:59,535 INFO  - ////////////////////////////
2023-12-29 23:02:59,538 INFO  - \\\\\\\\\\\\\\\\\\\\\\\\\\\\
2023-12-29 23:02:59,538 INFO  - -------------------------------------- START TEST CASE : getUserTest_1--------------------------------------
2023-12-29 23:02:59,539 INFO  - <---- Initiated : Sending 'GET' Request and Fetching Response
2023-12-29 23:02:59,539 INFO  - Resource Path = users/5884975
2023-12-29 23:02:59,539 INFO  - <---- Initiated : Building Request Specifications
2023-12-29 23:02:59,539 INFO  - Added Base URL = https://gorest.co.in/
2023-12-29 23:02:59,540 INFO  - Added Base Path = public/v2/
2023-12-29 23:02:59,540 INFO  - Added Content Type = application/json
2023-12-29 23:02:59,540 INFO  - ----> Successful : Building Request Specification
2023-12-29 23:03:01,731 INFO  - <---- Initiated : Building Response Specification
2023-12-29 23:03:01,731 INFO  - ----> Successful : Building Response Specification
2023-12-29 23:03:01,731 INFO  - ----> Successful : Sent 'GET' Request and Fetched Response
2023-12-29 23:03:01,733 INFO  - Id = 5884975
2023-12-29 23:03:01,733 INFO  - name = Darryl Bosco I
2023-12-29 23:03:01,733 INFO  - Description = lorenzo.stokes@hotmail.com
2023-12-29 23:03:01,734 INFO  - Gender = male
2023-12-29 23:03:01,734 INFO  - Status = active
2023-12-29 23:03:01,735 INFO  - ---------------------------------------------- END TEST CASE ----------------------------------------------
2023-12-29 23:03:01,735 INFO  - ////////////////////////////
2023-12-29 23:03:01,737 INFO  - \\\\\\\\\\\\\\\\\\\\\\\\\\\\
2023-12-29 23:03:01,737 INFO  - -------------------------------------- START TEST CASE : updateUserTest_1--------------------------------------
2023-12-29 23:03:01,738 INFO  - <---- Initiated : Generating Fake Data for 'UserModel
2023-12-29 23:03:01,739 INFO  - ----> Successful : Generated Fake Data for 'UserModel
2023-12-29 23:03:01,739 INFO  - <---- Initiated : Sending 'PUT' Request and Fetching Response
2023-12-29 23:03:01,739 INFO  - Resource Path = users/5884975
2023-12-29 23:03:01,739 INFO  - <---- Initiated : Building Request Specifications
2023-12-29 23:03:01,741 INFO  - Added Base URL = https://gorest.co.in/
2023-12-29 23:03:01,741 INFO  - Added Base Path = public/v2/
2023-12-29 23:03:01,741 INFO  - Added Content Type = application/json
2023-12-29 23:03:01,741 INFO  - ----> Successful : Building Request Specification
2023-12-29 23:03:02,943 INFO  - <---- Initiated : Building Response Specification
2023-12-29 23:03:02,943 INFO  - ----> Successful : Building Response Specification
2023-12-29 23:03:02,943 INFO  - ----> Successful : Sent 'PUT' Request and Fetched Response
2023-12-29 23:03:02,945 INFO  - Id = 5884975
2023-12-29 23:03:02,945 INFO  - name = Clair Blanda
2023-12-29 23:03:02,945 INFO  - Description = neda.hahn@hotmail.com
2023-12-29 23:03:02,946 INFO  - Gender = female
2023-12-29 23:03:02,946 INFO  - Status = inactive
2023-12-29 23:03:02,946 INFO  - ---------------------------------------------- END TEST CASE ----------------------------------------------
2023-12-29 23:03:02,947 INFO  - ////////////////////////////
2023-12-29 23:03:02,948 INFO  - \\\\\\\\\\\\\\\\\\\\\\\\\\\\
2023-12-29 23:03:02,948 INFO  - -------------------------------------- START TEST CASE : deleteUserTest_1--------------------------------------
2023-12-29 23:03:02,949 INFO  - <---- Initiated : Sending 'PUT' Request and Fetching Response
2023-12-29 23:03:02,949 INFO  - Resource Path = users/5884975
2023-12-29 23:03:02,949 INFO  - <---- Initiated : Building Request Specifications
2023-12-29 23:03:02,950 INFO  - Added Base URL = https://gorest.co.in/
2023-12-29 23:03:02,950 INFO  - Added Base Path = public/v2/
2023-12-29 23:03:02,950 INFO  - Added Content Type = application/json
2023-12-29 23:03:02,950 INFO  - ----> Successful : Building Request Specification
2023-12-29 23:03:05,634 INFO  - <---- Initiated : Building Response Specification
2023-12-29 23:03:05,635 INFO  - ----> Successful : Building Response Specification
2023-12-29 23:03:05,635 INFO  - ----> Successful : Sent 'PUT' Request and Fetched Response
2023-12-29 23:03:05,636 INFO  - ---------------------------------------------- END TEST CASE ----------------------------------------------
2023-12-29 23:03:05,636 INFO  - ////////////////////////////
